#
# There is insufficient memory for the Java Runtime Environment to continue.
# Native memory allocation (mmap) failed to map 268435456 bytes for Failed to commit area from 0x0000000701c00000 to 0x0000000711c00000 of length 268435456.
# Possible reasons:
#   The system is out of physical RAM or swap space
#   The process is running with CompressedOops enabled, and the Java Heap may be blocking the growth of the native heap
# Possible solutions:
#   Reduce memory load on the system
#   Increase physical memory or swap space
#   Check if swap backing store is full
#   Decrease Java heap size (-Xmx/-Xms)
#   Decrease number of Java threads
#   Decrease Java thread stack sizes (-Xss)
#   Set larger code cache with -XX:ReservedCodeCacheSize=
# This output file may be truncated or incomplete.
#
#  Out of Memory Error (./src/hotspot/os/windows/os_windows.cpp:3386), pid=18416, tid=10172
#
# JRE version:  (11.0.18+10) (build )
# Java VM: OpenJDK 64-Bit Server VM (11.0.18+10-LTS, mixed mode, sharing, tiered, compressed oops, g1 gc, windows-amd64)
# No core dump will be written. Minidumps are not enabled by default on client versions of Windows
#

---------------  S U M M A R Y ------------

Command Line: 

Host: Intel(R) Core(TM) i5-2400 CPU @ 3.10GHz, 4 cores, 15G,  Windows 10 , 64 bit Build 19041 (10.0.19041.2546)
Time: Thu Jul  6 14:58:02 2023 Pakistan Standard Time elapsed time: 0.045160 seconds (0d 0h 0m 0s)

---------------  T H R E A D  ---------------

Current thread (0x000001388a072800):  JavaThread "Unknown thread" [_thread_in_vm, id=10172, stack(0x0000000998400000,0x0000000998500000)]

Stack: [0x0000000998400000,0x0000000998500000]
Native frames: (J=compiled Java code, j=interpreted, Vv=VM code, C=native code)
V  [jvm.dll+0x62bf8a]
V  [jvm.dll+0x7b8fb9]
V  [jvm.dll+0x7ba6a8]
V  [jvm.dll+0x7bad83]
V  [jvm.dll+0x250248]
V  [jvm.dll+0x62929a]
V  [jvm.dll+0x61d855]
V  [jvm.dll+0x30c32c]
V  [jvm.dll+0x30c1b2]
V  [jvm.dll+0x310ec6]
V  [jvm.dll+0x356f0f]
V  [jvm.dll+0x356940]
V  [jvm.dll+0x2e9348]
V  [jvm.dll+0x2ea4a6]
V  [jvm.dll+0x792e07]
V  [jvm.dll+0x79458f]
V  [jvm.dll+0x363c69]
V  [jvm.dll+0x775d70]
V  [jvm.dll+0x3d297f]
V  [jvm.dll+0x3d4d11]
C  [jli.dll+0x5207]
C  [ucrtbase.dll+0x21bb2]
C  [KERNEL32.DLL+0x17614]
C  [ntdll.dll+0x526a1]


---------------  P R O C E S S  ---------------

Threads class SMR info:
_java_thread_list=0x0000013887d96920, length=0, elements={
}

Java Threads: ( => current thread )

Other Threads:
  0x000001388a08b800 GCTaskThread "GC Thread#0" [stack: 0x0000000998600000,0x0000000998700000] [id=16528]
  0x000001388a0e7800 ConcurrentGCThread "G1 Main Marker" [stack: 0x0000000998700000,0x0000000998800000] [id=18032]
  0x000001388a0e9000 ConcurrentGCThread "G1 Conc#0" [stack: 0x0000000998800000,0x0000000998900000] [id=6360]

[error occurred during error reporting (printing all threads), id 0xc0000005, EXCEPTION_ACCESS_VIOLATION (0xc0000005) at pc=0x00007fff1ab78b17]

VM state:not at safepoint (not fully initialized)

VM Mutex/Monitor currently owned by a thread:  ([mutex/lock_event])
[0x000001388a06fcb0] Heap_lock - owner thread: 0x000001388a072800

Heap address: 0x0000000701c00000, size: 4068 MB, Compressed Oops mode: Non-zero based: 0x0000000701c00000
Narrow klass base: 0x0000000000000000, Narrow klass shift: 0

GC Heap History (0 events):
No events

Deoptimization events (0 events):
No events

Classes redefined (0 events):
No events

Internal exceptions (0 events):
No events

Events (1 events):
Event: 0.029 Loaded shared library C:\Program Files\Microsoft\jdk-11.0.18.10-hotspot\bin\zip.dll


Dynamic libraries:
0x00007ff6a9bf0000 - 0x00007ff6a9bfd000 	C:\Program Files\Microsoft\jdk-11.0.18.10-hotspot\bin\java.exe
0x00007fff95450000 - 0x00007fff95648000 	C:\Windows\SYSTEM32\ntdll.dll
0x00007fff93630000 - 0x00007fff936ef000 	C:\Windows\System32\KERNEL32.DLL
0x00007fff92db0000 - 0x00007fff93082000 	C:\Windows\System32\KERNELBASE.dll
0x00007fff93090000 - 0x00007fff93190000 	C:\Windows\System32\ucrtbase.dll
0x00007fff418c0000 - 0x00007fff418d7000 	C:\Program Files\Microsoft\jdk-11.0.18.10-hotspot\bin\jli.dll
0x00007fff93c20000 - 0x00007fff93dc1000 	C:\Windows\System32\USER32.dll
0x00007fff92d10000 - 0x00007fff92d32000 	C:\Windows\System32\win32u.dll
0x00007fff93580000 - 0x00007fff935ab000 	C:\Windows\System32\GDI32.dll
0x00007fff932f0000 - 0x00007fff933ff000 	C:\Windows\System32\gdi32full.dll
0x00007fff93400000 - 0x00007fff9349d000 	C:\Windows\System32\msvcp_win.dll
0x00007fff418a0000 - 0x00007fff418b5000 	C:\Program Files\Microsoft\jdk-11.0.18.10-hotspot\bin\VCRUNTIME140.dll
0x00007fff83380000 - 0x00007fff8361a000 	C:\Windows\WinSxS\amd64_microsoft.windows.common-controls_6595b64144ccf1df_6.0.19041.1110_none_60b5254171f9507e\COMCTL32.dll
0x00007fff94fb0000 - 0x00007fff9504e000 	C:\Windows\System32\msvcrt.dll
0x00007fff94540000 - 0x00007fff94570000 	C:\Windows\System32\IMM32.DLL
0x00007fff25e80000 - 0x00007fff25f1b000 	C:\Program Files\Microsoft\jdk-11.0.18.10-hotspot\bin\msvcp140.dll
0x00007fff1a880000 - 0x00007fff1b412000 	C:\Program Files\Microsoft\jdk-11.0.18.10-hotspot\bin\server\jvm.dll
0x00007fff93b70000 - 0x00007fff93c1e000 	C:\Windows\System32\ADVAPI32.dll
0x00007fff94d00000 - 0x00007fff94d9c000 	C:\Windows\System32\sechost.dll
0x00007fff94570000 - 0x00007fff94695000 	C:\Windows\System32\RPCRT4.dll
0x00007fff93920000 - 0x00007fff93928000 	C:\Windows\System32\PSAPI.DLL
0x00007fff85a70000 - 0x00007fff85a79000 	C:\Windows\SYSTEM32\WSOCK32.dll
0x00007fff93b00000 - 0x00007fff93b6b000 	C:\Windows\System32\WS2_32.dll
0x00007fff83d00000 - 0x00007fff83d27000 	C:\Windows\SYSTEM32\WINMM.dll
0x00007fff8b380000 - 0x00007fff8b38a000 	C:\Windows\SYSTEM32\VERSION.dll
0x00007fff90a30000 - 0x00007fff90a42000 	C:\Windows\SYSTEM32\kernel.appcore.dll
0x00007fff72e90000 - 0x00007fff72ea0000 	C:\Program Files\Microsoft\jdk-11.0.18.10-hotspot\bin\verify.dll
0x00007fff83a70000 - 0x00007fff83c54000 	C:\Windows\SYSTEM32\DBGHELP.DLL
0x00007fff83770000 - 0x00007fff837a5000 	C:\Windows\SYSTEM32\dbgcore.DLL
0x00007fff92b50000 - 0x00007fff92bd2000 	C:\Windows\System32\bcryptPrimitives.dll
0x00007fff416d0000 - 0x00007fff416f8000 	C:\Program Files\Microsoft\jdk-11.0.18.10-hotspot\bin\java.dll
0x00007fff41a00000 - 0x00007fff41a0a000 	C:\Program Files\Microsoft\jdk-11.0.18.10-hotspot\bin\jimage.dll
0x00007fff416b0000 - 0x00007fff416c8000 	C:\Program Files\Microsoft\jdk-11.0.18.10-hotspot\bin\zip.dll

dbghelp: loaded successfully - version: 4.0.5 - missing functions: none
symbol engine: initialized successfully - sym options: 0x614 - pdb path: .;C:\Program Files\Microsoft\jdk-11.0.18.10-hotspot\bin;C:\Windows\SYSTEM32;C:\Windows\WinSxS\amd64_microsoft.windows.common-controls_6595b64144ccf1df_6.0.19041.1110_none_60b5254171f9507e;C:\Program Files\Microsoft\jdk-11.0.18.10-hotspot\bin\server

VM Arguments:
java_command: <unknown>
java_class_path (initial): <not set>
Launcher Type: SUN_STANDARD

[Global flags]
     intx CICompilerCount                          = 3                                         {product} {ergonomic}
     uint ConcGCThreads                            = 1                                         {product} {ergonomic}
     uint G1ConcRefinementThreads                  = 4                                         {product} {ergonomic}
   size_t G1HeapRegionSize                         = 1048576                                   {product} {ergonomic}
    uintx GCDrainStackTargetSize                   = 64                                        {product} {ergonomic}
   size_t InitialHeapSize                          = 268435456                                 {product} {ergonomic}
   size_t MarkStackSize                            = 4194304                                   {product} {ergonomic}
   size_t MaxHeapSize                              = 4265607168                                {product} {ergonomic}
   size_t MinHeapDeltaBytes                        = 1048576                                   {product} {ergonomic}
    uintx NonNMethodCodeHeapSize                   = 5830732                                {pd product} {ergonomic}
    uintx NonProfiledCodeHeapSize                  = 122913754                              {pd product} {ergonomic}
    uintx ProfiledCodeHeapSize                     = 122913754                              {pd product} {ergonomic}
    uintx ReservedCodeCacheSize                    = 251658240                              {pd product} {ergonomic}
     bool SegmentedCodeCache                       = true                                      {product} {ergonomic}
     bool UseCompressedClassPointers               = true                                 {lp64_product} {ergonomic}
     bool UseCompressedOops                        = true                                 {lp64_product} {ergonomic}
     bool UseG1GC                                  = true                                      {product} {ergonomic}
     bool UseLargePagesIndividualAllocation        = false                                  {pd product} {ergonomic}

Logging:
Log output configuration:
 #0: stdout all=warning uptime,level,tags
 #1: stderr all=off uptime,level,tags

Environment Variables:
PATH=C:\Users\Administrator\Downloads\TabNavigation\node_modules\.bin;C:\Users\Administrator\Downloads\TabNavigation\node_modules\.bin;C:\Users\Administrator\Downloads\node_modules\.bin;C:\Users\Administrator\node_modules\.bin;C:\Users\node_modules\.bin;C:\node_modules\.bin;C:\Users\Administrator\AppData\Roaming\npm\node_modules\npm\node_modules\@npmcli\run-script\lib\node-gyp-bin;C:\Users\Administrator\Downloads\TabNavigation\node_modules\.bin;C:\Users\Administrator\Downloads\node_modules\.bin;C:\Users\Administrator\node_modules\.bin;C:\Users\node_modules\.bin;C:\node_modules\.bin;C:\Users\Administrator\AppData\Roaming\npm\node_modules\npm\node_modules\@npmcli\run-script\lib\node-gyp-bin;C:\Program Files\Microsoft\jdk-11.0.18.10-hotspot\bin;C:\Program Files (x86)\VMware\VMware Workstation\bin\;C:\Program Files\Microsoft MPI\Bin\;C:\Program Files\Common Files\Oracle\Java\javapath;C:\Program Files (x86)\Common Files\Oracle\Java\javapath;C:\Program Files (x86)\Common Files\Intel\Shared Libraries\redist\intel64\compiler;C:\Windows\system32;C:\Windows;C:\Windows\System32\Wbem;C:\Windows\System32\WindowsPowerShell\v1.0\;C:\Windows\System32\OpenSSH\;C:\Program Files\Microsoft VS Code\bin;C:\wamp64\bin\php\php8.2.0;C:\composer;C:\Program Files\Git\cmd;C:\Program Files\Microsoft SQL Server\Client SDK\ODBC\170\Tools\Binn\;C:\Program Files\Microsoft SQL Server\150\Tools\Binn\;C:\Program Files\dotnet\;C:\Program Files (x86)\Microsoft SQL Server\160\Tools\Binn\;C:\Program Files\Microsoft SQL Server\160\Tools\Binn\;C:\Program Files\Microsoft SQL Server\160\DTS\Binn\;C:\Program Files (x86)\Microsoft SQL Server\160\DTS\Binn\;C:\Users\Administrator\AppData\Local\Android\Sdk\platform-tools;C:\flutter\bin;;C:\Program Files\Azure Data Studio\bin;C:\ProgramData\chocolatey\bin;C:\Program Files\nodejs\;C:\Users\Administrator\AppData\Local\Programs\Python\Python311\Scripts\;C:\Users\Administrator\AppData\Local\Programs\Python\Python311\;C:\Users\Administrator\AppData\Local\Microsoft\WindowsA
USERNAME=Administrator
OS=Windows_NT
PROCESSOR_IDENTIFIER=Intel64 Family 6 Model 42 Stepping 7, GenuineIntel
TMP=C:\Users\ADMINI~1\AppData\Local\Temp
TEMP=C:\Users\ADMINI~1\AppData\Local\Temp



---------------  S Y S T E M  ---------------

OS: Windows 10 , 64 bit Build 19041 (10.0.19041.2546)
OS uptime: 0 days 6:08 hours

CPU:total 4 (initial active 4) (4 cores per cpu, 1 threads per core) family 6 model 42 stepping 7 microcode 0x2f, cmov, cx8, fxsr, mmx, sse, sse2, sse3, ssse3, sse4.1, sse4.2, popcnt, avx, aes, clmul, tsc, tscinvbit

Memory: 4k page, system-wide physical 16268M (1690M free)
TotalPageFile size 20584M (AvailPageFile size 254M)
current process WorkingSet (physical memory assigned to process): 10M, peak: 10M
current process commit charge ("private bytes"): 52M, peak: 308M

vm_info: OpenJDK 64-Bit Server VM (11.0.18+10-LTS) for windows-amd64 JRE (11.0.18+10-LTS), built on Jan 18 2023 15:56:47 by "MicrosoftCorporation" with MS VC++ 15.9 (VS2017)

END.
